<?xml version="1.0" encoding="UTF-8"?>
<!-- Generated by org.testng.reporters.JUnitXMLReporter -->
<testsuite hostname="LAPTOP-A0JC31GU" name="Default test" tests="5" failures="0" timestamp="24 Jun 2018 16:55:24 GMT" time="31.371" errors="0">
  <testcase name="testGreenBox" time="1.432" classname="com.qait.tatoctest.TatocTest"/>
  <testcase name="testFrameDungeon" time="11.664" classname="com.qait.tatoctest.TatocTest"/>
  <testcase name="testDragAndDrop" time="0.904" classname="com.qait.tatoctest.TatocTest"/>
  <testcase name="testPopUpWindow" time="5.279" classname="com.qait.tatoctest.TatocTest"/>
  <testcase name="testCookie" time="1.285" classname="com.qait.tatoctest.TatocTest"/>
</testsuite> <!-- Default test -->
