<?xml version="1.0" encoding="UTF-8"?>
<!-- Generated by org.testng.reporters.JUnitXMLReporter -->
<testsuite hostname="LAPTOP-A0JC31GU" name="Test" tests="5" failures="0" timestamp="24 Jun 2018 14:48:38 GMT" time="14.565" errors="0">
  <testcase name="testGreenBox" time="1.062" classname="com.qait.tatoctest.TatocTest"/>
  <testcase name="testFrameDungeon" time="4.728" classname="com.qait.tatoctest.TatocTest"/>
  <testcase name="testDragAndDrop" time="0.623" classname="com.qait.tatoctest.TatocTest"/>
  <testcase name="testPopUpWindow" time="2.311" classname="com.qait.tatoctest.TatocTest"/>
  <testcase name="testCookie" time="0.583" classname="com.qait.tatoctest.TatocTest"/>
</testsuite> <!-- Test -->
